[2026-02-24 14:52:27] INFO: ╔==========================================================╗
[2026-02-24 14:52:27] INFO: ║  OpenMRS Bulk Migration to Proxy                      ║
[2026-02-24 14:52:27] INFO: ╚==========================================================╝
[2026-02-24 14:52:27] INFO: Token expirado ou ausente — re-autenticando...
[2026-02-24 14:52:27] INFO: Autenticando no Proxy (127.0.0.1:8050)...
[2026-02-24 14:52:28] INFO: ✓ Autenticação bem-sucedida (token válido por ~60min)
[2026-02-24 14:52:28] INFO: Total de pacientes activos no DB (elegíveis): 21102
[2026-02-24 14:52:28] WARN: ⚠ Descartado person_id=431 | Campos em falta: home_village
[2026-02-24 14:52:28] WARN: ⚠ Descartado person_id=456 | Campos em falta: home_traditional_authority
[2026-02-24 14:52:28] WARN: ⚠ Descartado person_id=476 | Campos em falta: home_village
[2026-02-24 14:52:28] INFO: 
--- Batch 1 | 97 paciente(s) a enviar ---
[2026-02-24 14:52:29] INFO: ✓ [1/21102] person_id=332 (NPID: CLAARC)
[2026-02-24 14:52:29] INFO: ✓ [2/21102] person_id=410 (NPID: FWN664)
[2026-02-24 14:52:29] INFO: ✓ [3/21102] person_id=412 (NPID: JE5XDJ)
[2026-02-24 14:52:29] INFO: ✓ [4/21102] person_id=414 (NPID: JAKVR2)
[2026-02-24 14:52:29] INFO: ✓ [5/21102] person_id=416 (NPID: DEYK42)
[2026-02-24 14:52:29] INFO: ✓ [6/21102] person_id=417 (NPID: 6MHCV8)
[2026-02-24 14:52:29] INFO: ✓ [7/21102] person_id=418 (NPID: 48D4FN)
[2026-02-24 14:52:29] INFO: ✓ [8/21102] person_id=419 (NPID: K4KJ8W)
[2026-02-24 14:52:29] INFO: ✓ [9/21102] person_id=420 (NPID: D8UNU2)
[2026-02-24 14:52:29] INFO: ✓ [10/21102] person_id=421 (NPID: W26LN1)
[2026-02-24 14:52:29] INFO: ✓ [11/21102] person_id=422 (NPID: U3PV4V)
[2026-02-24 14:52:29] INFO: ✓ [12/21102] person_id=423 (NPID: 8H7782)
[2026-02-24 14:52:29] INFO: ✓ [13/21102] person_id=424 (NPID: KM5LGK)
[2026-02-24 14:52:29] INFO: ✓ [14/21102] person_id=425 (NPID: 62YXXF)
[2026-02-24 14:52:29] INFO: ✓ [15/21102] person_id=426 (NPID: 741RNK)
[2026-02-24 14:52:29] INFO: ✓ [16/21102] person_id=427 (NPID: UW3J4E)
[2026-02-24 14:52:29] INFO: ✓ [17/21102] person_id=428 (NPID: UMLUVN)
[2026-02-24 14:52:29] INFO: ✓ [18/21102] person_id=429 (NPID: XHN4MT)
[2026-02-24 14:52:30] INFO: ✓ [19/21102] person_id=430 (NPID: U1L5YD)
[2026-02-24 14:52:30] INFO: ✓ [20/21102] person_id=432 (NPID: WAEL2C)
[2026-02-24 14:52:30] INFO: ✓ [21/21102] person_id=433 (NPID: FHVM0G)
[2026-02-24 14:52:30] INFO: ✓ [22/21102] person_id=434 (NPID: 6H3AHJ)
[2026-02-24 14:52:30] INFO: ✓ [23/21102] person_id=435 (NPID: N5HT3T)
[2026-02-24 14:52:30] INFO: ✓ [24/21102] person_id=436 (NPID: 22WW42)
[2026-02-24 14:52:30] INFO: ✓ [25/21102] person_id=437 (NPID: H1H12R)
[2026-02-24 14:52:30] INFO: ✓ [26/21102] person_id=438 (NPID: TG7X05)
[2026-02-24 14:52:30] INFO: ✓ [27/21102] person_id=439 (NPID: 4MAKVY)
[2026-02-24 14:52:30] INFO: ✓ [28/21102] person_id=440 (NPID: H8PCK4)
[2026-02-24 14:52:30] INFO: ✓ [29/21102] person_id=441 (NPID: 8F3HDY)
[2026-02-24 14:52:30] INFO: ✓ [30/21102] person_id=442 (NPID: E2DHFE)
[2026-02-24 14:52:30] INFO: ✋ Limite de 30 paciente(s) atingido — a parar.
[2026-02-24 14:52:30] INFO: 
############################################################
[2026-02-24 14:52:30] INFO: # RESUMO DA MIGRAÇÃO
[2026-02-24 14:52:30] INFO: ############################################################
[2026-02-24 14:52:30] INFO: Database:             namialo
[2026-02-24 14:52:30] INFO: Modo:                 PRODUÇÃO
[2026-02-24 14:52:30] INFO: Pacientes migrados:   30
[2026-02-24 14:52:30] INFO: Descartados:          3
[2026-02-24 14:52:30] INFO: Erros de envio:       0
[2026-02-24 14:52:30] INFO: Taxa de sucesso:      100.0%
[2026-02-24 14:52:30] INFO: Log principal:        /home/matcha/eclipse-workspace/dde/migration/logs/openmrs_migration_20260224_145227.log
[2026-02-24 14:52:30] INFO: Mapeamento (NPID):    /home/matcha/eclipse-workspace/dde/migration/data/migration_mapping.csv
[2026-02-24 14:52:30] INFO: Registos descartados: /home/matcha/eclipse-workspace/dde/migration/logs/discarded_records.jsonl
[2026-02-24 14:52:30] INFO: 📋 Relatório gerado: /home/matcha/eclipse-workspace/dde/migration/reports/nao_migrados_20260224_145230.csv (3 registos)
[2026-02-24 14:52:30] INFO: ############################################################
